# JRE version: Java(TM) SE Runtime Environment (8.0_144-b01) (build 1.8.0_144-b01)
# Java VM: Java HotSpot(TM) 64-Bit Server VM (25.144-b01 mixed mode bsd-amd64 compressed oops)
Heap:
 PSYoungGen      total 233472K, used 163431K [0x0000000795580000, 0x00000007a4280000, 0x00000007c0000000)
  eden space 232448K, 69% used [0x0000000795580000,0x000000079f4430a8,0x00000007a3880000)
  from space 1024K, 83% used [0x00000007a4180000,0x00000007a4256be0,0x00000007a4280000)
  to   space 3072K, 0% used [0x00000007a3c80000,0x00000007a3c80000,0x00000007a3f80000)
 ParOldGen       total 92672K, used 45071K [0x0000000740000000, 0x0000000745a80000, 0x0000000795580000)
  object space 92672K, 48% used [0x0000000740000000,0x0000000742c03ea0,0x0000000745a80000)
 Metaspace       used 4564K, capacity 4822K, committed 4992K, reserved 1056768K
  class space    used 507K, capacity 564K, committed 640K, reserved 1048576K
GC Heap History (10 events):
Event: 1.594 GC heap before
{Heap before GC invocations=5 (full 0):
 PSYoungGen      total 71680K, used 70067K [0x0000000795580000, 0x000000079a080000, 0x00000007c0000000)
  eden space 66560K, 99% used [0x0000000795580000,0x0000000799656280,0x0000000799680000)
  from space 5120K, 71% used [0x0000000799b80000,0x0000000799f16ac8,0x000000079a080000)
  to   space 5120K, 0% used [0x0000000799680000,0x0000000799680000,0x0000000799b80000)
 ParOldGen       total 87552K, used 78149K [0x0000000740000000, 0x0000000745580000, 0x0000000795580000)
  object space 87552K, 89% used [0x0000000740000000,0x0000000744c51420,0x0000000745580000)
 Metaspace       used 4559K, capacity 4822K, committed 4992K, reserved 1056768K
  class space    used 507K, capacity 564K, committed 640K, reserved 1048576K
Event: 1.607 GC heap after
Heap after GC invocations=5 (full 0):
 PSYoungGen      total 71680K, used 1490K [0x0000000795580000, 0x000000079dd80000, 0x00000007c0000000)
  eden space 66560K, 0% used [0x0000000795580000,0x0000000795580000,0x0000000799680000)
  from space 5120K, 29% used [0x0000000799680000,0x00000007997f49d8,0x0000000799b80000)
  to   space 3072K, 0% used [0x000000079da80000,0x000000079da80000,0x000000079dd80000)
 ParOldGen       total 87552K, used 78157K [0x0000000740000000, 0x0000000745580000, 0x0000000795580000)
  object space 87552K, 89% used [0x0000000740000000,0x0000000744c53420,0x0000000745580000)
 Metaspace       used 4559K, capacity 4822K, committed 4992K, reserved 1056768K
  class space    used 507K, capacity 564K, committed 640K, reserved 1048576K
}
Event: 1.711 GC heap before
{Heap before GC invocations=6 (full 0):
 PSYoungGen      total 71680K, used 68050K [0x0000000795580000, 0x000000079dd80000, 0x00000007c0000000)
  eden space 66560K, 100% used [0x0000000795580000,0x0000000799680000,0x0000000799680000)
  from space 5120K, 29% used [0x0000000799680000,0x00000007997f49d8,0x0000000799b80000)
  to   space 3072K, 0% used [0x000000079da80000,0x000000079da80000,0x000000079dd80000)
 ParOldGen       total 87552K, used 78157K [0x0000000740000000, 0x0000000745580000, 0x0000000795580000)
  object space 87552K, 89% used [0x0000000740000000,0x0000000744c53420,0x0000000745580000)
 Metaspace       used 4559K, capacity 4822K, committed 4992K, reserved 1056768K
  class space    used 507K, capacity 564K, committed 640K, reserved 1048576K
Event: 1.717 GC heap after
Heap after GC invocations=6 (full 0):
 PSYoungGen      total 136192K, used 1217K [0x0000000795580000, 0x000000079dd80000, 0x00000007c0000000)
  eden space 133120K, 0% used [0x0000000795580000,0x0000000795580000,0x000000079d780000)
  from space 3072K, 39% used [0x000000079da80000,0x000000079dbb0528,0x000000079dd80000)
  to   space 3072K, 0% used [0x000000079d780000,0x000000079d780000,0x000000079da80000)
 ParOldGen       total 87552K, used 83039K [0x0000000740000000, 0x0000000745580000, 0x0000000795580000)
  object space 87552K, 94% used [0x0000000740000000,0x0000000745117f70,0x0000000745580000)
 Metaspace       used 4559K, capacity 4822K, committed 4992K, reserved 1056768K
  class space    used 507K, capacity 564K, committed 640K, reserved 1048576K
}
Event: 1.717 GC heap before
{Heap before GC invocations=7 (full 1):
 PSYoungGen      total 136192K, used 1217K [0x0000000795580000, 0x000000079dd80000, 0x00000007c0000000)
  eden space 133120K, 0% used [0x0000000795580000,0x0000000795580000,0x000000079d780000)
  from space 3072K, 39% used [0x000000079da80000,0x000000079dbb0528,0x000000079dd80000)
  to   space 3072K, 0% used [0x000000079d780000,0x000000079d780000,0x000000079da80000)
 ParOldGen       total 87552K, used 83039K [0x0000000740000000, 0x0000000745580000, 0x0000000795580000)
  object space 87552K, 94% used [0x0000000740000000,0x0000000745117f70,0x0000000745580000)
 Metaspace       used 4559K, capacity 4822K, committed 4992K, reserved 1056768K
  class space    used 507K, capacity 564K, committed 640K, reserved 1048576K
Event: 1.742 GC heap after
Heap after GC invocations=7 (full 1):
 PSYoungGen      total 136192K, used 0K [0x0000000795580000, 0x000000079dd80000, 0x00000007c0000000)
  eden space 133120K, 0% used [0x0000000795580000,0x0000000795580000,0x000000079d780000)
  from space 3072K, 0% used [0x000000079da80000,0x000000079da80000,0x000000079dd80000)
  to   space 3072K, 0% used [0x000000079d780000,0x000000079d780000,0x000000079da80000)
 ParOldGen       total 92672K, used 45071K [0x0000000740000000, 0x0000000745a80000, 0x0000000795580000)
  object space 92672K, 48% used [0x0000000740000000,0x0000000742c03ea0,0x0000000745a80000)
 Metaspace       used 4559K, capacity 4822K, committed 4992K, reserved 1056768K
  class space    used 507K, capacity 564K, committed 640K, reserved 1048576K
}
Event: 2.079 GC heap before
{Heap before GC invocations=8 (full 1):
 PSYoungGen      total 136192K, used 133120K [0x0000000795580000, 0x000000079dd80000, 0x00000007c0000000)
  eden space 133120K, 100% used [0x0000000795580000,0x000000079d780000,0x000000079d780000)
  from space 3072K, 0% used [0x000000079da80000,0x000000079da80000,0x000000079dd80000)
  to   space 3072K, 0% used [0x000000079d780000,0x000000079d780000,0x000000079da80000)
 ParOldGen       total 92672K, used 45071K [0x0000000740000000, 0x0000000745a80000, 0x0000000795580000)
  object space 92672K, 48% used [0x0000000740000000,0x0000000742c03ea0,0x0000000745a80000)
 Metaspace       used 4559K, capacity 4822K, committed 4992K, reserved 1056768K
  class space    used 507K, capacity 564K, committed 640K, reserved 1048576K
Event: 2.090 GC heap after
Heap after GC invocations=8 (full 1):
 PSYoungGen      total 136192K, used 248K [0x0000000795580000, 0x00000007a4480000, 0x00000007c0000000)
  eden space 133120K, 0% used [0x0000000795580000,0x0000000795580000,0x000000079d780000)
  from space 3072K, 8% used [0x000000079d780000,0x000000079d7be270,0x000000079da80000)
  to   space 3072K, 0% used [0x00000007a4180000,0x00000007a4180000,0x00000007a4480000)
 ParOldGen       total 92672K, used 45071K [0x0000000740000000, 0x0000000745a80000, 0x0000000795580000)
  object space 92672K, 48% used [0x0000000740000000,0x0000000742c03ea0,0x0000000745a80000)
 Metaspace       used 4559K, capacity 4822K, committed 4992K, reserved 1056768K
  class space    used 507K, capacity 564K, committed 640K, reserved 1048576K
}
Event: 2.392 GC heap before
{Heap before GC invocations=9 (full 1):
 PSYoungGen      total 136192K, used 133120K [0x0000000795580000, 0x00000007a4480000, 0x00000007c0000000)
  eden space 133120K, 99% used [0x0000000795580000,0x000000079d741fe0,0x000000079d780000)
  from space 3072K, 8% used [0x000000079d780000,0x000000079d7be270,0x000000079da80000)
  to   space 3072K, 0% used [0x00000007a4180000,0x00000007a4180000,0x00000007a4480000)
 ParOldGen       total 92672K, used 45071K [0x0000000740000000, 0x0000000745a80000, 0x0000000795580000)
  object space 92672K, 48% used [0x0000000740000000,0x0000000742c03ea0,0x0000000745a80000)
 Metaspace       used 4560K, capacity 4822K, committed 4992K, reserved 1056768K
  class space    used 507K, capacity 564K, committed 640K, reserved 1048576K
Event: 2.393 GC heap after
Heap after GC invocations=9 (full 1):
 PSYoungGen      total 233472K, used 858K [0x0000000795580000, 0x00000007a4280000, 0x00000007c0000000)
  eden space 232448K, 0% used [0x0000000795580000,0x0000000795580000,0x00000007a3880000)
  from space 1024K, 83% used [0x00000007a4180000,0x00000007a4256be0,0x00000007a4280000)
  to   space 3072K, 0% used [0x00000007a3c80000,0x00000007a3c80000,0x00000007a3f80000)
 ParOldGen       total 92672K, used 45071K [0x0000000740000000, 0x0000000745a80000, 0x0000000795580000)
  object space 92672K, 48% used [0x0000000740000000,0x0000000742c03ea0,0x0000000745a80000)
 Metaspace       used 4560K, capacity 4822K, committed 4992K, reserved 1056768K
  class space    used 507K, capacity 564K, committed 640K, reserved 1048576K
}

